<?xml version="1.0" encoding="UTF-8"?>
<testsuite xmlns:xsi="http://www.w3.org/2001/XMLSchema-instance" xsi:noNamespaceSchemaLocation="https://maven.apache.org/surefire/maven-surefire-plugin/xsd/surefire-test-report-3.0.xsd" version="3.0" name="healthcalc.HealthCalcTest" time="0.261" tests="22" errors="0" skipped="0" failures="0">
  <properties>
[...]
</properties>
  <testcase name="testbasalMetabolicRateNegativoMujer" classname="healthcalc.HealthCalcTest" time="0.064"/>
  <testcase name="testPesoIdealNegativoHombre" classname="healthcalc.HealthCalcTest" time="0.003"/>
  <testcase name="testEdadNegativaBasalMetabolicRate" classname="healthcalc.HealthCalcTest" time="0.002"/>
  <testcase name="testGeneroNoValidoIdealWeight" classname="healthcalc.HealthCalcTest" time="0.009"/>
  <testcase name="testAlturaNegativaIdealWeight" classname="healthcalc.HealthCalcTest" time="0.003"/>
  <testcase name="testbasalMetabolicRateNegativoHombre" classname="healthcalc.HealthCalcTest" time="0.003"/>
  <testcase name="testAlturaOverflowBasalMetabolicRate" classname="healthcalc.HealthCalcTest" time="0.012"/>
  <testcase name="testAlturaOverflowIdealWeight" classname="healthcalc.HealthCalcTest" time="0.005"/>
  <testcase name="testAlturaCeroIdealWeight" classname="healthcalc.HealthCalcTest" time="0.003"/>
  <testcase name="testAlturaNegativaBasalMetabolicRate" classname="healthcalc.HealthCalcTest" time="0.004"/>
  <testcase name="testPesoCeroBasalMetabolicRate" classname="healthcalc.HealthCalcTest" time="0.004"/>
  <testcase name="testAlturaCeroBasalMetabolicRate" classname="healthcalc.HealthCalcTest" time="0.004"/>
  <testcase name="testPesoIdealMujer" classname="healthcalc.HealthCalcTest" time="0.004"/>
  <testcase name="testPesoOverflowBasalMetabolicRate" classname="healthcalc.HealthCalcTest" time="0.006"/>
  <testcase name="testPesoIdealNegativoMujer" classname="healthcalc.HealthCalcTest" time="0.002"/>
  <testcase name="testGeneroNoValidoBasalMetabolicRate" classname="healthcalc.HealthCalcTest" time="0.002"/>
  <testcase name="testMetabolismoBasalMujer" classname="healthcalc.HealthCalcTest" time="0.001"/>
  <testcase name="testPesoNegativoBasalMetabolicRate" classname="healthcalc.HealthCalcTest" time="0.003"/>
  <testcase name="testEdadCeroBasalMetabolicRate" classname="healthcalc.HealthCalcTest" time="0.003"/>
  <testcase name="testEdadOverflowBasalMetabolicRate" classname="healthcalc.HealthCalcTest" time="0.002"/>
  <testcase name="testPesoIdealHombre" classname="healthcalc.HealthCalcTest" time="0.002"/>
  <testcase name="testMetabolismoBasalHombre" classname="healthcalc.HealthCalcTest" time="0.003"/>
</testsuite>